[debug] > Exec(early(addDefaultCommands), None, None)
[debug] > Exec(addDefaultCommands, None, None)
[debug] > Exec(early(initialize), None, None)
[debug] > Exec(initialize, None, None)
[debug] > Exec(boot, None, None)
[debug] > Exec(writeSbtVersion, None, None)
[debug] > Exec(reload, None, None)
[debug] > Exec(sbtStashOnFailure, None, None)
[debug] > Exec(onFailure loadFailed, None, None)
[debug] > Exec(loadp, None, None)
[info] welcome to sbt 1.4.9 (AdoptOpenJDK Java 11.0.11)
[debug] Load.defaultLoad until apply took 195.385167ms
[debug]           Load.loadUnit: plugins took 83.253291ms
[debug]           Load.loadUnit: defsScala took 0.231167ms
[debug] [Loading] Scanning directory /Users/jeffersonmarchetti/dev/scala/dataengineer-shape-test/project
[debug]             Load.loadUnit: mkEval took 7.289041ms
[debug] [Loading] Found non-root projects 
[debug] [Loading] Done in /Users/jeffersonmarchetti/dev/scala/dataengineer-shape-test/project, returning: ()
[debug] deducing auto plugins based on known facts Set(Atom(sbt.plugins.CorePlugin)) and clauses Clauses(List(Clause(Atom(sbt.plugins.JvmPlugin),Set(Atom(sbt.plugins.IvyPlugin))), Clause(Atom(sbt.ScriptedPlugin),Set(Atom(sbt.plugins.JvmPlugin))), Clause(Atom(sbt.plugins.SbtPlugin),Set(Atom(sbt.ScriptedPlugin))), Clause(Atom(sbt.plugins.SemanticdbPlugin),Set(Atom(sbt.plugins.JvmPlugin))), Clause(Atom(sbt.plugins.JUnitXmlReportPlugin),Set(Atom(sbt.plugins.JvmPlugin))), Clause(Atom(sbt.plugins.MiniDependencyTreePlugin),Set(Atom(sbt.plugins.JvmPlugin))), Clause(Atom(sbt.plugins.CorePlugin),Set(Atom(sbt.plugins.IvyPlugin))), Clause(Atom(sbt.plugins.IvyPlugin),Set(Atom(sbt.plugins.JvmPlugin))), Clause(Atom(sbt.plugins.JvmPlugin),Set(Atom(sbt.plugins.SemanticdbPlugin))), Clause(Atom(sbt.plugins.JvmPlugin),Set(Atom(sbt.plugins.JUnitXmlReportPlugin))), Clause(Atom(sbt.plugins.CorePlugin),Set(Atom(sbt.plugins.Giter8TemplatePlugin))), Clause(Atom(sbt.plugins.JvmPlugin),Set(Atom(sbt.plugins.MiniDependencyTreePlugin)))))
[debug]   :: deduced result: Matched(sbt.plugins.CorePlugin,sbt.plugins.Giter8TemplatePlugin,sbt.plugins.IvyPlugin,sbt.plugins.JvmPlugin,sbt.plugins.MiniDependencyTreePlugin,sbt.plugins.JUnitXmlReportPlugin,sbt.plugins.SemanticdbPlugin)
[debug] Plugins.deducer#function took 32.084708 ms
[info] loading settings for project dataengineer-shape-test-build from plugins.sbt ...
[debug]               Load.resolveProject(dataengineer-shape-test-build) took 56.887167ms
[debug]             Load.loadTransitive: finalizeProject(Project(id dataengineer-shape-test-build, base: /Users/jeffersonmarchetti/dev/scala/dataengineer-shape-test/project, plugins: List(<none>))) took 115.0175ms
[debug] [Loading] Done in /Users/jeffersonmarchetti/dev/scala/dataengineer-shape-test/project, returning: (dataengineer-shape-test-build)
[debug]           Load.loadUnit: loadedProjectsRaw took 3122.57125ms
[debug]           Load.loadUnit: cleanEvalClasses took 684.478167ms
[debug]         Load.loadUnit(file:/Users/jeffersonmarchetti/dev/scala/dataengineer-shape-test/project/, ...) took 3897.477083ms
[debug]       Load.apply: load took 4110.0585ms
[debug]       Load.apply: resolveProjects took 12.702125ms
[debug]       Load.apply: finalTransforms took 104.5545ms
[debug]       Load.apply: config.delegates took 6.107292ms
[debug]       Load.apply: Def.make(settings)... took 1060.836458ms
[debug]       Load.apply: structureIndex took 195.205958ms
[debug]       Load.apply: mkStreams took 1.127083ms
[info] loading project definition from /Users/jeffersonmarchetti/dev/scala/dataengineer-shape-test/project
[debug] Running task... Cancel: Signal, check cycles: false, forcegc: true
[debug]     Load.loadUnit: plugins took 8919.472916ms
[debug]     Load.loadUnit: defsScala took 0.003292ms
[debug] [Loading] Scanning directory /Users/jeffersonmarchetti/dev/scala/dataengineer-shape-test
[debug]       Load.loadUnit: mkEval took 0.567542ms
[debug] [Loading] Found non-root projects 
[debug] [Loading] Done in /Users/jeffersonmarchetti/dev/scala/dataengineer-shape-test, returning: ()
[debug] deducing auto plugins based on known facts Set(Atom(sbt.plugins.CorePlugin)) and clauses Clauses(List(Clause(Atom(sbt.plugins.JvmPlugin),Set(Atom(sbt.plugins.IvyPlugin))), Clause(Atom(sbt.ScriptedPlugin),Set(Atom(sbt.plugins.JvmPlugin))), Clause(Atom(sbt.plugins.SbtPlugin),Set(Atom(sbt.ScriptedPlugin))), Clause(Atom(sbt.plugins.SemanticdbPlugin),Set(Atom(sbt.plugins.JvmPlugin))), Clause(Atom(sbt.plugins.JUnitXmlReportPlugin),Set(Atom(sbt.plugins.JvmPlugin))), Clause(Atom(sbt.plugins.MiniDependencyTreePlugin),Set(Atom(sbt.plugins.JvmPlugin))), Clause(Atom(sbt.plugins.CorePlugin),Set(Atom(sbt.plugins.IvyPlugin))), Clause(Atom(sbt.plugins.IvyPlugin),Set(Atom(sbt.plugins.JvmPlugin))), Clause(Atom(sbt.plugins.JvmPlugin),Set(Atom(sbt.plugins.SemanticdbPlugin))), Clause(Atom(sbt.plugins.JvmPlugin),Set(Atom(sbt.plugins.JUnitXmlReportPlugin))), Clause(Atom(sbt.plugins.CorePlugin),Set(Atom(sbt.plugins.Giter8TemplatePlugin))), Clause(Atom(sbt.plugins.JvmPlugin),Set(Atom(sbt.plugins.MiniDependencyTreePlugin)))))
[debug]   :: deduced result: Matched(sbt.plugins.CorePlugin,sbt.plugins.Giter8TemplatePlugin,sbt.plugins.IvyPlugin,sbt.plugins.JvmPlugin,sbt.plugins.MiniDependencyTreePlugin,sbt.plugins.JUnitXmlReportPlugin,sbt.plugins.SemanticdbPlugin)
[debug] Plugins.deducer#function took 3.547417 ms
[info] loading settings for project dataengineer-shape-test from build.sbt ...
[debug]         Load.resolveProject(dataengineer-shape-test) took 5.635417ms
[debug]       Load.loadTransitive: finalizeProject(Project(id dataengineer-shape-test, base: /Users/jeffersonmarchetti/dev/scala/dataengineer-shape-test, plugins: List(<none>))) took 11.205791ms
[debug] [Loading] Done in /Users/jeffersonmarchetti/dev/scala/dataengineer-shape-test, returning: (dataengineer-shape-test)
[debug]     Load.loadUnit: loadedProjectsRaw took 4996.317042ms
[debug]     Load.loadUnit: cleanEvalClasses took 13.3085ms
[debug]   Load.loadUnit(file:/Users/jeffersonmarchetti/dev/scala/dataengineer-shape-test/, ...) took 13930.493541ms
[debug] Load.apply: load took 13946.437833ms
[debug] Load.apply: resolveProjects took 0.221625ms
[debug] Load.apply: finalTransforms took 21.186667ms
[debug] Load.apply: config.delegates took 2.455625ms
[debug] Load.apply: Def.make(settings)... took 309.807166ms
[debug] Load.apply: structureIndex took 59.540458ms
[debug] Load.apply: mkStreams took 0.00225ms
[info] set current project to xpi-poc-deequ (in build file:/Users/jeffersonmarchetti/dev/scala/dataengineer-shape-test/)
[debug] > Exec(sbtPopOnFailure, None, None)
[debug] > Exec(resumeFromFailure, None, None)
[debug] > Exec(notifyUsersAboutShell, None, None)
[debug] > Exec(iflast shell, None, None)
[debug] > Exec(shell, None, None)
[info] sbt server started at local:///Users/jeffersonmarchetti/.sbt/1.0/server/387c863841a0fe649de9/sock
[info] started sbt server
